[ 2025-06-10 01:13:44,938 ] 1025 httpx - INFO - HTTP Request: GET https://dagshub.com/api/v1/user "HTTP/1.1 200 OK"
[ 2025-06-10 01:13:44,945 ] 107 dagshub - INFO - Accessing as arnavxx7
[ 2025-06-10 01:13:45,655 ] 1025 httpx - INFO - HTTP Request: GET https://dagshub.com/api/v1/repos/arnavxx7/networksecurity "HTTP/1.1 200 OK"
[ 2025-06-10 01:13:46,269 ] 1025 httpx - INFO - HTTP Request: GET https://dagshub.com/api/v1/user "HTTP/1.1 200 OK"
[ 2025-06-10 01:13:46,271 ] 107 dagshub - INFO - Initialized MLflow to track repo "arnavxx7/networksecurity"
[ 2025-06-10 01:13:46,272 ] 107 dagshub - INFO - Repository arnavxx7/networksecurity initialized!
[ 2025-06-10 01:14:15,643 ] 26 root - INFO - Starting Data Ingestion
[ 2025-06-10 01:14:19,745 ] 64 root - INFO - Splitted data as train and test
[ 2025-06-10 01:14:19,748 ] 65 root - INFO - Exporting train and test data to respctive file paths
[ 2025-06-10 01:14:19,868 ] 70 root - INFO - Exported train and test files
[ 2025-06-10 01:14:19,869 ] 29 root - INFO - Data Ingestion completed with artifact: DataIngestionArtifact(training_file_path='Artifacts\\10_06_2025_01_13_41\\data_ingestion\\ingested\\train.csv', testing_file_path='Artifacts\\10_06_2025_01_13_41\\data_ingestion\\ingested\\test.csv')
[ 2025-06-10 01:14:19,870 ] 38 root - INFO - Start Data Validation
[ 2025-06-10 01:14:19,924 ] 33 root - INFO - The required number of columns = 31
[ 2025-06-10 01:14:19,924 ] 34 root - INFO - The dataframe has these many columns: 31
[ 2025-06-10 01:14:19,924 ] 33 root - INFO - The required number of columns = 31
[ 2025-06-10 01:14:19,924 ] 34 root - INFO - The dataframe has these many columns: 31
[ 2025-06-10 01:14:20,238 ] 41 root - INFO - Data Validation completed with artifact: DataValidationArtifact(validation_status=True, valid_train_file_path='Artifacts\\10_06_2025_01_13_41\\data_ingestion\\ingested\\train.csv', valid_test_file_path='Artifacts\\10_06_2025_01_13_41\\data_ingestion\\ingested\\test.csv', invalid_train_file_path=None, invalid_test_file_path=None, drift_report_file_path='Artifacts\\10_06_2025_01_13_41\\data_validation\\drift_report\\report.yaml')
[ 2025-06-10 01:14:20,238 ] 50 root - INFO - Start Data Transformation
[ 2025-06-10 01:14:20,288 ] 42 root - INFO - Initialise KNN object
[ 2025-06-10 01:14:20,303 ] 39 root - INFO - ENTERED SAVE NUMPY ARRAY METHOD IN UTILS FILE
[ 2025-06-10 01:14:20,309 ] 44 root - INFO - EXITED SAVE NUMPY ARRAY METHOD IN UTILS FILE
[ 2025-06-10 01:14:20,310 ] 39 root - INFO - ENTERED SAVE NUMPY ARRAY METHOD IN UTILS FILE
[ 2025-06-10 01:14:20,312 ] 44 root - INFO - EXITED SAVE NUMPY ARRAY METHOD IN UTILS FILE
[ 2025-06-10 01:14:20,323 ] 53 root - INFO - Data Transformation completed with artifact: DataTransformationArtifact(transformed_train_file_path='Artifacts\\10_06_2025_01_13_41\\data_transformation\\transformed_data\\train.npy', transformed_test_file_path='Artifacts\\10_06_2025_01_13_41\\data_transformation\\transformed_data\\test.npy', transformed_object_file_path='Artifacts\\10_06_2025_01_13_41\\data_transformation\\transformed_object\\preprocessing.pkl')
[ 2025-06-10 01:14:20,323 ] 62 root - INFO - Start Model Training
[ 2025-06-10 01:15:04,766 ] 98 root - INFO - Model Trainer Artifact: ModelTrainerArtifact(trained_model_file_path='Artifacts\\10_06_2025_01_13_41\\model_trainer\\trained_model\\model.pkl', train_metric_artifact=ClassificationMetricArtifact(f1_score=0.991042345276873, precision_score=0.9890288500609509, recall_score=0.993064055487556), test_metric_artifact=ClassificationMetricArtifact(f1_score=0.9770023790642347, precision_score=0.9723756906077348, recall_score=0.9816733067729083))
[ 2025-06-10 01:15:04,769 ] 65 root - INFO - Model Training completed with artifact: ModelTrainerArtifact(trained_model_file_path='Artifacts\\10_06_2025_01_13_41\\model_trainer\\trained_model\\model.pkl', train_metric_artifact=ClassificationMetricArtifact(f1_score=0.991042345276873, precision_score=0.9890288500609509, recall_score=0.993064055487556), test_metric_artifact=ClassificationMetricArtifact(f1_score=0.9770023790642347, precision_score=0.9723756906077348, recall_score=0.9816733067729083))
